<?xml version="1.0" encoding="UTF-8"?>
<!-- Generated by org.testng.reporters.JUnitReportReporter -->
<testsuite hostname="DESKTOP-B5EIOSK" failures="0" tests="2" name="Regression.demo" time="0.019" errors="0" timestamp="2023-12-13T17:07:19 IST" skipped="0">
  <testcase classname="Regression.demo" name="test2" time="0.005"/>
  <system-out>
    <![CDATA[china]]>
  </system-out>
  <testcase classname="Regression.demo" name="test1" time="0.014"/>
  <system-out>
    <![CDATA[hi]]>
  </system-out>
</testsuite> <!-- Regression.demo -->
