<?xml version="1.0" encoding="UTF-8"?>
<!-- Generated by org.testng.reporters.JUnitReportReporter -->
<testsuite hostname="DESKTOP-B5EIOSK" failures="0" tests="1" name="qsp1.RunnerScript1" time="21.053" errors="0" timestamp="2023-12-13T17:28:40 IST" skipped="0">
  <testcase classname="qsp1.RunnerScript1" name="validLogin" time="21.053"/>
  <system-out/>
</testsuite> <!-- qsp1.RunnerScript1 -->
