<?xml version="1.0" encoding="UTF-8"?>
<!-- Generated by org.testng.reporters.JUnitReportReporter -->
<testsuite hostname="DESKTOP-B5EIOSK" failures="0" tests="1" name="qsp1.RunnerScript" time="18.650" errors="0" timestamp="2023-12-13T17:18:40 IST" skipped="0">
  <testcase classname="qsp1.RunnerScript" name="validLogin" time="18.650"/>
  <system-out/>
</testsuite> <!-- qsp1.RunnerScript -->
