<?xml version="1.0" encoding="UTF-8"?>
<!-- Generated by org.testng.reporters.JUnitReportReporter -->
<testsuite hostname="DESKTOP-B5EIOSK" failures="0" tests="1" name="programs1.Demo2" time="0.031" errors="0" timestamp="2023-12-11T18:09:45 IST" skipped="0">
  <testcase classname="programs1.Demo2" name="test1" time="0.031"/>
  <system-out>
    <![CDATA[world]]>
  </system-out>
</testsuite> <!-- programs1.Demo2 -->
