<?xml version="1.0" encoding="UTF-8"?>
<!-- Generated by org.testng.reporters.JUnitReportReporter -->
<testsuite hostname="DESKTOP-B5EIOSK" failures="0" tests="2" name="Regression.demo1" time="0.033" errors="0" timestamp="2023-12-13T17:07:19 IST" skipped="0">
  <testcase classname="Regression.demo1" name="sql1" time="0.006"/>
  <system-out>
    <![CDATA[india]]>
  </system-out>
  <testcase classname="Regression.demo1" name="sql" time="0.027"/>
  <system-out>
    <![CDATA[karnataka]]>
  </system-out>
</testsuite> <!-- Regression.demo1 -->
