<?xml version="1.0" encoding="UTF-8"?>
<!-- Generated by org.testng.reporters.JUnitReportReporter -->
<testsuite hostname="DESKTOP-B5EIOSK" failures="0" tests="2" name="Functional.Test2" time="0.014" errors="0" timestamp="2023-12-13T17:07:19 IST" skipped="0">
  <testcase classname="Functional.Test2" name="qspider" time="0.009"/>
  <system-out>
    <![CDATA[bye]]>
  </system-out>
  <testcase classname="Functional.Test2" name="rajajinagar" time="0.005"/>
  <system-out>
    <![CDATA[will be join]]>
  </system-out>
</testsuite> <!-- Functional.Test2 -->
